Started by user [8mha:////4L8G0Vb/D8rkfp86MIp4qS29WzZwuytABT+nA68trUQEAAAAlx+LCAAAAAAAAP9b85aBtbiIQTGjNKU4P08vOT+vOD8nVc83PyU1x6OyILUoJzMv2y+/JJUBAhiZGBgqihhk0NSjKDWzXb3RdlLBUSYGJk8GtpzUvPSSDB8G5tKinBIGIZ+sxLJE/ZzEvHT94JKizLx0a6BxUmjGOUNodHsLgAzWEgZu/dLi1CL9xJTczDwAj6GcLcAAAAA=[0madmin
 > git rev-parse --is-inside-work-tree # timeout=10
Setting origin to https://github.com/Opdracht3/rps-frontend.git
 > git config remote.origin.url https://github.com/Opdracht3/rps-frontend.git # timeout=10
Fetching origin...
Fetching upstream changes from origin
 > git --version # timeout=10
 > git fetch --tags --progress origin +refs/heads/*:refs/remotes/origin/*
Seen branch in repository origin/master
Seen 1 remote branch
Obtained Jenkinsfile from c434d88ba811289b113036b5de61fe8d2c9c46b7
[8mha:////4AY/qtmwf9tMyDNS/mpuo8eIqJOJ84v+2kZpRUhocFEbAAAAaB+LCAAAAAAAAP9b85aBtbiIwTG/KF0vKzUvOzOvODlTryCnNB3I0ivPL8pOy8kv18vKT9JLzs8rzs9J1QuHCgaV5jlDhPzyS1IZIICRiYGhoohBKqM0pTg/D64Hh8ICAFt0h+h/AAAA[0m[Pipeline] node
Running on [8mha:////4Ix7lrnklxh+yTnvXl4as0Tuk17D5Xmt+zbbhbI8PrhMAAAAnh+LCAAAAAAAAP9b85aBtbiIQTGjNKU4P08vOT+vOD8nVc83PyU1x6OyILUoJzMv2y+/JJUBAhiZGBgqihhk0NSjKDWzXb3RdlLBUSYGJk8GtpzUvPSSDB8G5tKinBIGIZ+sxLJE/ZzEvHT94JKizLx0a6BxUmjGOUNodHsLgAz2EgZh/eT83ILSktQifY3cxGIgrakPAHib2iPIAAAA[0mJenkins in /var/jenkins_home/workspace/rps-frontend_master-7RUPK2CFND7BEP24KQDA43WNWFB6FK63PMRLOTLLWQKXJCHJBB4Q
[8mha:////4AY/qtmwf9tMyDNS/mpuo8eIqJOJ84v+2kZpRUhocFEbAAAAaB+LCAAAAAAAAP9b85aBtbiIwTG/KF0vKzUvOzOvODlTryCnNB3I0ivPL8pOy8kv18vKT9JLzs8rzs9J1QuHCgaV5jlDhPzyS1IZIICRiYGhoohBKqM0pTg/D64Hh8ICAFt0h+h/AAAA[0m[Pipeline] {
[8mha:////4AY/qtmwf9tMyDNS/mpuo8eIqJOJ84v+2kZpRUhocFEbAAAAaB+LCAAAAAAAAP9b85aBtbiIwTG/KF0vKzUvOzOvODlTryCnNB3I0ivPL8pOy8kv18vKT9JLzs8rzs9J1QuHCgaV5jlDhPzyS1IZIICRiYGhoohBKqM0pTg/D64Hh8ICAFt0h+h/AAAA[0m[Pipeline] stage
[8mha:////4AY/qtmwf9tMyDNS/mpuo8eIqJOJ84v+2kZpRUhocFEbAAAAaB+LCAAAAAAAAP9b85aBtbiIwTG/KF0vKzUvOzOvODlTryCnNB3I0ivPL8pOy8kv18vKT9JLzs8rzs9J1QuHCgaV5jlDhPzyS1IZIICRiYGhoohBKqM0pTg/D64Hh8ICAFt0h+h/AAAA[0m[Pipeline] { (Declarative: Checkout SCM)
[8mha:////4AY/qtmwf9tMyDNS/mpuo8eIqJOJ84v+2kZpRUhocFEbAAAAaB+LCAAAAAAAAP9b85aBtbiIwTG/KF0vKzUvOzOvODlTryCnNB3I0ivPL8pOy8kv18vKT9JLzs8rzs9J1QuHCgaV5jlDhPzyS1IZIICRiYGhoohBKqM0pTg/D64Hh8ICAFt0h+h/AAAA[0m[Pipeline] checkout
 > git rev-parse --is-inside-work-tree # timeout=10
Fetching changes from the remote Git repository
 > git config remote.origin.url https://github.com/Opdracht3/rps-frontend.git # timeout=10
Fetching without tags
Fetching upstream changes from https://github.com/Opdracht3/rps-frontend.git
 > git --version # timeout=10
 > git fetch --no-tags --progress https://github.com/Opdracht3/rps-frontend.git +refs/heads/*:refs/remotes/origin/*
Checking out Revision c434d88ba811289b113036b5de61fe8d2c9c46b7 (master)
 > git config core.sparsecheckout # timeout=10
 > git checkout -f c434d88ba811289b113036b5de61fe8d2c9c46b7
Commit message: "karma test changes"
 > git rev-list 08c33bcee1ffe742bef465efd042f1fdf11a094e # timeout=10
[8mha:////4AY/qtmwf9tMyDNS/mpuo8eIqJOJ84v+2kZpRUhocFEbAAAAaB+LCAAAAAAAAP9b85aBtbiIwTG/KF0vKzUvOzOvODlTryCnNB3I0ivPL8pOy8kv18vKT9JLzs8rzs9J1QuHCgaV5jlDhPzyS1IZIICRiYGhoohBKqM0pTg/D64Hh8ICAFt0h+h/AAAA[0m[Pipeline] }
[8mha:////4AY/qtmwf9tMyDNS/mpuo8eIqJOJ84v+2kZpRUhocFEbAAAAaB+LCAAAAAAAAP9b85aBtbiIwTG/KF0vKzUvOzOvODlTryCnNB3I0ivPL8pOy8kv18vKT9JLzs8rzs9J1QuHCgaV5jlDhPzyS1IZIICRiYGhoohBKqM0pTg/D64Hh8ICAFt0h+h/AAAA[0m[Pipeline] // stage
[8mha:////4AY/qtmwf9tMyDNS/mpuo8eIqJOJ84v+2kZpRUhocFEbAAAAaB+LCAAAAAAAAP9b85aBtbiIwTG/KF0vKzUvOzOvODlTryCnNB3I0ivPL8pOy8kv18vKT9JLzs8rzs9J1QuHCgaV5jlDhPzyS1IZIICRiYGhoohBKqM0pTg/D64Hh8ICAFt0h+h/AAAA[0m[Pipeline] withEnv
[8mha:////4AY/qtmwf9tMyDNS/mpuo8eIqJOJ84v+2kZpRUhocFEbAAAAaB+LCAAAAAAAAP9b85aBtbiIwTG/KF0vKzUvOzOvODlTryCnNB3I0ivPL8pOy8kv18vKT9JLzs8rzs9J1QuHCgaV5jlDhPzyS1IZIICRiYGhoohBKqM0pTg/D64Hh8ICAFt0h+h/AAAA[0m[Pipeline] {
[8mha:////4AY/qtmwf9tMyDNS/mpuo8eIqJOJ84v+2kZpRUhocFEbAAAAaB+LCAAAAAAAAP9b85aBtbiIwTG/KF0vKzUvOzOvODlTryCnNB3I0ivPL8pOy8kv18vKT9JLzs8rzs9J1QuHCgaV5jlDhPzyS1IZIICRiYGhoohBKqM0pTg/D64Hh8ICAFt0h+h/AAAA[0m[Pipeline] stage
[8mha:////4AY/qtmwf9tMyDNS/mpuo8eIqJOJ84v+2kZpRUhocFEbAAAAaB+LCAAAAAAAAP9b85aBtbiIwTG/KF0vKzUvOzOvODlTryCnNB3I0ivPL8pOy8kv18vKT9JLzs8rzs9J1QuHCgaV5jlDhPzyS1IZIICRiYGhoohBKqM0pTg/D64Hh8ICAFt0h+h/AAAA[0m[Pipeline] { (install)
[8mha:////4AY/qtmwf9tMyDNS/mpuo8eIqJOJ84v+2kZpRUhocFEbAAAAaB+LCAAAAAAAAP9b85aBtbiIwTG/KF0vKzUvOzOvODlTryCnNB3I0ivPL8pOy8kv18vKT9JLzs8rzs9J1QuHCgaV5jlDhPzyS1IZIICRiYGhoohBKqM0pTg/D64Hh8ICAFt0h+h/AAAA[0m[Pipeline] echo
install..
[8mha:////4AY/qtmwf9tMyDNS/mpuo8eIqJOJ84v+2kZpRUhocFEbAAAAaB+LCAAAAAAAAP9b85aBtbiIwTG/KF0vKzUvOzOvODlTryCnNB3I0ivPL8pOy8kv18vKT9JLzs8rzs9J1QuHCgaV5jlDhPzyS1IZIICRiYGhoohBKqM0pTg/D64Hh8ICAFt0h+h/AAAA[0m[Pipeline] sh
[rps-frontend_master-7RUPK2CFND7BEP24KQDA43WNWFB6FK63PMRLOTLLWQKXJCHJBB4Q] Running shell script
+ npm install
npm WARN optional SKIPPING OPTIONAL DEPENDENCY: fsevents@1.1.2 (node_modules/fsevents):
npm WARN notsup SKIPPING OPTIONAL DEPENDENCY: Unsupported platform for fsevents@1.1.2: wanted {"os":"darwin","arch":"any"} (current: {"os":"linux","arch":"x64"})

added 114 packages in 5.779s
[8mha:////4AY/qtmwf9tMyDNS/mpuo8eIqJOJ84v+2kZpRUhocFEbAAAAaB+LCAAAAAAAAP9b85aBtbiIwTG/KF0vKzUvOzOvODlTryCnNB3I0ivPL8pOy8kv18vKT9JLzs8rzs9J1QuHCgaV5jlDhPzyS1IZIICRiYGhoohBKqM0pTg/D64Hh8ICAFt0h+h/AAAA[0m[Pipeline] }
[8mha:////4AY/qtmwf9tMyDNS/mpuo8eIqJOJ84v+2kZpRUhocFEbAAAAaB+LCAAAAAAAAP9b85aBtbiIwTG/KF0vKzUvOzOvODlTryCnNB3I0ivPL8pOy8kv18vKT9JLzs8rzs9J1QuHCgaV5jlDhPzyS1IZIICRiYGhoohBKqM0pTg/D64Hh8ICAFt0h+h/AAAA[0m[Pipeline] // stage
[8mha:////4AY/qtmwf9tMyDNS/mpuo8eIqJOJ84v+2kZpRUhocFEbAAAAaB+LCAAAAAAAAP9b85aBtbiIwTG/KF0vKzUvOzOvODlTryCnNB3I0ivPL8pOy8kv18vKT9JLzs8rzs9J1QuHCgaV5jlDhPzyS1IZIICRiYGhoohBKqM0pTg/D64Hh8ICAFt0h+h/AAAA[0m[Pipeline] stage
[8mha:////4AY/qtmwf9tMyDNS/mpuo8eIqJOJ84v+2kZpRUhocFEbAAAAaB+LCAAAAAAAAP9b85aBtbiIwTG/KF0vKzUvOzOvODlTryCnNB3I0ivPL8pOy8kv18vKT9JLzs8rzs9J1QuHCgaV5jlDhPzyS1IZIICRiYGhoohBKqM0pTg/D64Hh8ICAFt0h+h/AAAA[0m[Pipeline] { (build)
[8mha:////4AY/qtmwf9tMyDNS/mpuo8eIqJOJ84v+2kZpRUhocFEbAAAAaB+LCAAAAAAAAP9b85aBtbiIwTG/KF0vKzUvOzOvODlTryCnNB3I0ivPL8pOy8kv18vKT9JLzs8rzs9J1QuHCgaV5jlDhPzyS1IZIICRiYGhoohBKqM0pTg/D64Hh8ICAFt0h+h/AAAA[0m[Pipeline] echo
Building..
[8mha:////4AY/qtmwf9tMyDNS/mpuo8eIqJOJ84v+2kZpRUhocFEbAAAAaB+LCAAAAAAAAP9b85aBtbiIwTG/KF0vKzUvOzOvODlTryCnNB3I0ivPL8pOy8kv18vKT9JLzs8rzs9J1QuHCgaV5jlDhPzyS1IZIICRiYGhoohBKqM0pTg/D64Hh8ICAFt0h+h/AAAA[0m[Pipeline] sh
[rps-frontend_master-7RUPK2CFND7BEP24KQDA43WNWFB6FK63PMRLOTLLWQKXJCHJBB4Q] Running shell script
+ npm build
npm WARN build `npm build` called with no arguments. Did you mean to `npm run-script build`?
[8mha:////4AY/qtmwf9tMyDNS/mpuo8eIqJOJ84v+2kZpRUhocFEbAAAAaB+LCAAAAAAAAP9b85aBtbiIwTG/KF0vKzUvOzOvODlTryCnNB3I0ivPL8pOy8kv18vKT9JLzs8rzs9J1QuHCgaV5jlDhPzyS1IZIICRiYGhoohBKqM0pTg/D64Hh8ICAFt0h+h/AAAA[0m[Pipeline] }
[8mha:////4AY/qtmwf9tMyDNS/mpuo8eIqJOJ84v+2kZpRUhocFEbAAAAaB+LCAAAAAAAAP9b85aBtbiIwTG/KF0vKzUvOzOvODlTryCnNB3I0ivPL8pOy8kv18vKT9JLzs8rzs9J1QuHCgaV5jlDhPzyS1IZIICRiYGhoohBKqM0pTg/D64Hh8ICAFt0h+h/AAAA[0m[Pipeline] // stage
[8mha:////4AY/qtmwf9tMyDNS/mpuo8eIqJOJ84v+2kZpRUhocFEbAAAAaB+LCAAAAAAAAP9b85aBtbiIwTG/KF0vKzUvOzOvODlTryCnNB3I0ivPL8pOy8kv18vKT9JLzs8rzs9J1QuHCgaV5jlDhPzyS1IZIICRiYGhoohBKqM0pTg/D64Hh8ICAFt0h+h/AAAA[0m[Pipeline] stage
[8mha:////4AY/qtmwf9tMyDNS/mpuo8eIqJOJ84v+2kZpRUhocFEbAAAAaB+LCAAAAAAAAP9b85aBtbiIwTG/KF0vKzUvOzOvODlTryCnNB3I0ivPL8pOy8kv18vKT9JLzs8rzs9J1QuHCgaV5jlDhPzyS1IZIICRiYGhoohBKqM0pTg/D64Hh8ICAFt0h+h/AAAA[0m[Pipeline] { (Test)
[8mha:////4AY/qtmwf9tMyDNS/mpuo8eIqJOJ84v+2kZpRUhocFEbAAAAaB+LCAAAAAAAAP9b85aBtbiIwTG/KF0vKzUvOzOvODlTryCnNB3I0ivPL8pOy8kv18vKT9JLzs8rzs9J1QuHCgaV5jlDhPzyS1IZIICRiYGhoohBKqM0pTg/D64Hh8ICAFt0h+h/AAAA[0m[Pipeline] sh
[rps-frontend_master-7RUPK2CFND7BEP24KQDA43WNWFB6FK63PMRLOTLLWQKXJCHJBB4Q] Running shell script
+ npm test

> first-project@0.0.0 test /var/jenkins_home/workspace/rps-frontend_master-7RUPK2CFND7BEP24KQDA43WNWFB6FK63PMRLOTLLWQKXJCHJBB4Q
> ng test

  0% compiling 10% building modules 0/1 modules 1 active ...PMRLOTLLWQKXJCHJBB4Q/src/polyfills.ts                                          10% building modules 1/1 modules 0 active[32m28 10 2017 20:03:11.738:INFO [karma]: [39mKarma v1.7.1 server started at http://0.0.0.0:9876/
[32m28 10 2017 20:03:11.739:INFO [launcher]: [39mLaunching browser MyHeadlessChrome with unlimited concurrency
[32m28 10 2017 20:03:11.743:INFO [launcher]: [39mStarting browser ChromeHeadless
 10% building modules 1/2 modules 1 active ...6FK63PMRLOTLLWQKXJCHJBB4Q/src/test.ts 10% building modules 1/3 modules 2 active ...PMRLOTLLWQKXJCHJBB4Q/src/polyfills.ts 10% building modules 2/3 modules 1 active ...PMRLOTLLWQKXJCHJBB4Q/src/polyfills.ts 10% building modules 2/4 modules 2 active ...MRLOTLLWQKXJCHJBB4Q/src /\.spec\.ts$/ 10% building modules 3/4 modules 1 active ...MRLOTLLWQKXJCHJBB4Q/src /\.spec\.ts$/                                          10% building modules 4/4 modules 0 active 10% building modules 4/5 modules 1 active ...4Q/node_modules/zone.js/dist/proxy.js 10% building modules 4/6 modules 2 active ...p/gamelist/gamelist.component.spec.ts 10% building modules 5/6 modules 1 active ...4Q/node_modules/zone.js/dist/proxy.js                                          10% building modules 6/6 modules 0 active 10% building modules 6/7 modules 1 active ...zone.js/dist/long-stack-trace-zone.js 10% building modules 6/8 modules 2 active ...ode_modules/zone.js/dist/sync-test.js 10% building modules 6/9 modules 3 active ...modules/zone.js/dist/jasmine-patch.js 10% building modules 6/10 modules 4 active ...de_modules/zone.js/dist/async-test.js 10% building modules 6/11 modules 5 active ...dules/zone.js/dist/fake-async-test.js 10% building modules 6/12 modules 6 active ...B4Q/node_modules/zone.js/dist/zone.js 10% building modules 6/13 modules 7 active ...rc/app/gamelist/gamelist.component.ts 10% building modules 7/13 modules 6 active ...B4Q/node_modules/zone.js/dist/zone.js 10% building modules 7/14 modules 7 active ...Q/node_modules/core-js/es6/reflect.js 10% building modules 8/14 modules 6 active ...Q/node_modules/core-js/es6/reflect.js 11% building modules 9/14 modules 5 active ...Q/node_modules/core-js/es6/reflect.js 11% building modules 10/14 modules 4 active ...Q/node_modules/core-js/es6/reflect.js 11% building modules 11/14 modules 3 active ...Q/node_modules/core-js/es6/reflect.js 11% building modules 12/14 modules 2 active ...Q/node_modules/core-js/es6/reflect.js 11% building modules 12/15 modules 3 active ...Q/node_modules/core-js/es7/reflect.js 11% building modules 13/15 modules 2 active ...Q/node_modules/core-js/es7/reflect.js[31m28 10 2017 20:03:12.025:ERROR [launcher]: [39mCannot start ChromeHeadless
	Failed to move to new namespace: PID namespaces supported, Network namespace supported, but failed: errno = Operation not permitted

[31m28 10 2017 20:03:12.025:ERROR [launcher]: [39mChromeHeadless stdout: 
[31m28 10 2017 20:03:12.025:ERROR [launcher]: [39mChromeHeadless stderr: Failed to move to new namespace: PID namespaces supported, Network namespace supported, but failed: errno = Operation not permitted

 11% building modules 13/16 modules 3 active ...atform-browser-dynamic/testing.es5.js 11% building modules 13/17 modules 4 active ...4Q/src/app/_services/games.service.ts 11% building modules 14/17 modules 3 active ...atform-browser-dynamic/testing.es5.js 11% building modules 14/18 modules 4 active ...lar/core/@angular/core/testing.es5.js 11% building modules 15/18 modules 3 active ...lar/core/@angular/core/testing.es5.js 11% building modules 16/18 modules 2 active ...lar/core/@angular/core/testing.es5.js[32m28 10 2017 20:03:12.050:INFO [launcher]: [39mTrying to start ChromeHeadless again (1/2).
 12% building modules 17/18 modules 1 active ...lar/core/@angular/core/testing.es5.js                                          12% building modules 18/18 modules 0 active 12% building modules 18/19 modules 1 active ...es/@angular/core/@angular/core.es5.js 12% building modules 18/20 modules 2 active ...ode_modules/webpack/buildin/global.js 12% building modules 18/21 modules 3 active ...angular/router/@angular/router.es5.js 12% building modules 18/22 modules 4 active .../core-js/modules/es6.reflect.apply.js 12% building modules 19/22 modules 3 active .../core-js/modules/es6.reflect.apply.js 12% building modules 19/23 modules 4 active ...e-js/modules/es6.reflect.construct.js 12% building modules 19/24 modules 5 active ...odules/es6.reflect.define-property.js 12% building modules 19/25 modules 6 active ...odules/es6.reflect.delete-property.js 12% building modules 19/26 modules 7 active ...e-js/modules/es6.reflect.enumerate.js 12% building modules 19/27 modules 8 active ...es/core-js/modules/es6.reflect.get.js 12% building modules 19/28 modules 9 active ...eflect.get-own-property-descriptor.js 12% building modules 19/29 modules 10 active ...dules/es6.reflect.get-prototype-of.js 12% building modules 19/30 modules 11 active ...es/core-js/modules/es6.reflect.has.js 12% building modules 19/31 modules 12 active .../modules/es6.reflect.is-extensible.js 12% building modules 19/32 modules 13 active ...re-js/modules/es6.reflect.own-keys.js 12% building modules 19/33 modules 14 active ...les/es6.reflect.prevent-extensions.js 12% building modules 19/34 modules 15 active ...es/core-js/modules/es6.reflect.set.js 12% building modules 19/35 modules 16 active ...dules/es6.reflect.set-prototype-of.js 12% building modules 19/36 modules 17 active ...node_modules/core-js/modules/_core.js 12% building modules 19/37 modules 18 active ...odules/es7.reflect.define-metadata.js 12% building modules 19/38 modules 19 active ...odules/es7.reflect.delete-metadata.js 12% building modules 19/39 modules 20 active ...s/modules/es7.reflect.get-metadata.js 12% building modules 19/40 modules 21 active ...ules/es7.reflect.get-metadata-keys.js 12% building modules 19/41 modules 22 active ...dules/es7.reflect.get-own-metadata.js 12% building modules 19/42 modules 23 active .../es7.reflect.get-own-metadata-keys.js 12% building modules 19/43 modules 24 active ...s/modules/es7.reflect.has-metadata.js 12% building modules 19/44 modules 25 active ...re-js/modules/es7.reflect.metadata.js 12% building modules 19/45 modules 26 active ...dules/es7.reflect.has-own-metadata.js 12% building modules 20/45 modules 25 active ...dules/es7.reflect.has-own-metadata.js 12% building modules 20/46 modules 26 active ...RLOTLLWQKXJCHJBB4Q/src/$$_gendir lazy 12% building modules 21/46 modules 25 active ...dules/es7.reflect.has-own-metadata.js 12% building modules 21/47 modules 26 active ...gular/platform-browser-dynamic.es5.js[31m28 10 2017 20:03:12.313:ERROR [launcher]: [39mCannot start ChromeHeadless
	Failed to move to new namespace: PID namespaces supported, Network namespace supported, but failed: errno = Operation not permitted

[31m28 10 2017 20:03:12.313:ERROR [launcher]: [39mChromeHeadless stdout: 
[31m28 10 2017 20:03:12.313:ERROR [launcher]: [39mChromeHeadless stderr: Failed to move to new namespace: PID namespaces supported, Network namespace supported, but failed: errno = Operation not permitted

 12% building modules 22/47 modules 25 active ...gular/platform-browser-dynamic.es5.js 12% building modules 22/48 modules 26 active ...es/@angular/http/@angular/http.es5.js 12% building modules 22/49 modules 27 active ...odules/rxjs/add/operator/toPromise.js 12% building modules 22/50 modules 28 active .../app/gamelist/gamelist.component.html 12% building modules 23/50 modules 27 active .../app/gamelist/gamelist.component.html[32m28 10 2017 20:03:12.409:INFO [launcher]: [39mTrying to start ChromeHeadless again (2/2).
 12% building modules 24/50 modules 26 active .../app/gamelist/gamelist.component.html 13% building modules 25/50 modules 25 active .../app/gamelist/gamelist.component.html 13% building modules 26/50 modules 24 active .../app/gamelist/gamelist.component.html 13% building modules 27/50 modules 23 active .../app/gamelist/gamelist.component.html 13% building modules 28/50 modules 22 active .../app/gamelist/gamelist.component.html 13% building modules 29/50 modules 21 active .../app/gamelist/gamelist.component.html 13% building modules 30/50 modules 20 active .../app/gamelist/gamelist.component.html 13% building modules 31/50 modules 19 active .../app/gamelist/gamelist.component.html 13% building modules 32/50 modules 18 active .../app/gamelist/gamelist.component.html 13% building modules 33/50 modules 17 active .../app/gamelist/gamelist.component.html 14% building modules 34/50 modules 16 active .../app/gamelist/gamelist.component.html 14% building modules 35/50 modules 15 active .../app/gamelist/gamelist.component.html 14% building modules 36/50 modules 14 active .../app/gamelist/gamelist.component.html 14% building modules 37/50 modules 13 active .../app/gamelist/gamelist.component.html 14% building modules 38/50 modules 12 active .../app/gamelist/gamelist.component.html 14% building modules 39/50 modules 11 active .../app/gamelist/gamelist.component.html 14% building modules 40/50 modules 10 active .../app/gamelist/gamelist.component.html  14% building modules 41/50 modules 9 active .../app/gamelist/gamelist.component.html 15% building modules 42/50 modules 8 active .../app/gamelist/gamelist.component.html 15% building modules 43/50 modules 7 active .../app/gamelist/gamelist.component.html 15% building modules 44/50 modules 6 active .../app/gamelist/gamelist.component.html 15% building modules 45/50 modules 5 active .../app/gamelist/gamelist.component.html 15% building modules 46/50 modules 4 active .../app/gamelist/gamelist.component.html 15% building modules 47/50 modules 3 active .../app/gamelist/gamelist.component.html 15% building modules 47/51 modules 4 active ...JBB4Q/node_modules/rxjs/Observable.js 15% building modules 47/52 modules 5 active ...JCHJBB4Q/node_modules/rxjs/Subject.js 15% building modules 47/53 modules 6 active ...wser/@angular/platform-browser.es5.js 15% building modules 47/54 modules 7 active ...JBB4Q/node_modules/tslib/tslib.es6.js 15% building modules 48/54 modules 6 active ...JBB4Q/node_modules/tslib/tslib.es6.js 15% building modules 49/54 modules 5 active ...JBB4Q/node_modules/tslib/tslib.es6.js 16% building modules 50/54 modules 4 active ...JBB4Q/node_modules/tslib/tslib.es6.js 16% building modules 50/55 modules 5 active ...node_modules/rxjs/observable/merge.js 16% building modules 50/56 modules 6 active ...Q/node_modules/rxjs/operator/share.js 16% building modules 50/57 modules 7 active ...gular/platform-browser/testing.es5.js 16% building modules 50/58 modules 8 active .../node_modules/rxjs/BehaviorSubject.js 16% building modules 50/59 modules 9 active .../node_modules/rxjs/observable/from.js 16% building modules 50/60 modules 10 active ...4Q/node_modules/rxjs/observable/of.js 16% building modules 50/61 modules 11 active ...de_modules/rxjs/operator/concatMap.js 16% building modules 50/62 modules 12 active ...Q/node_modules/rxjs/operator/every.js 16% building modules 50/63 modules 13 active ...Q/node_modules/rxjs/operator/first.js 16% building modules 50/64 modules 14 active ...4Q/node_modules/rxjs/operator/last.js 16% building modules 50/65 modules 15 active ...B4Q/node_modules/rxjs/operator/map.js 16% building modules 50/66 modules 16 active ...ode_modules/rxjs/operator/mergeMap.js 16% building modules 50/67 modules 17 active .../node_modules/rxjs/operator/reduce.js 16% building modules 50/68 modules 18 active ...de_modules/rxjs/operator/concatAll.js 16% building modules 50/69 modules 19 active ...Q/node_modules/rxjs/operator/catch.js 16% building modules 50/70 modules 20 active ...odules/rxjs/observable/fromPromise.js 16% building modules 50/71 modules 21 active ...ode_modules/rxjs/operator/mergeAll.js 16% building modules 50/72 modules 22 active .../node_modules/rxjs/operator/filter.js 16% building modules 50/73 modules 23 active ...de_modules/core-js/modules/_export.js 16% building modules 50/74 modules 24 active ...odules/core-js/modules/_a-function.js 16% building modules 50/75 modules 25 active ...modules/core-js/modules/_an-object.js 16% building modules 50/76 modules 26 active ...de_modules/core-js/modules/_global.js 16% building modules 50/77 modules 27 active ...ode_modules/core-js/modules/_fails.js 16% building modules 50/78 modules 28 active .../node_modules/rxjs/util/EmptyError.js 16% building modules 51/78 modules 27 active .../node_modules/rxjs/util/EmptyError.js 16% building modules 52/78 modules 26 active .../node_modules/rxjs/util/EmptyError.js 16% building modules 52/79 modules 27 active ...modules/core-js/modules/_is-object.js 16% building modules 52/80 modules 28 active ...les/core-js/modules/_object-create.js 16% building modules 52/81 modules 29 active ...node_modules/core-js/modules/_bind.js 16% building modules 52/82 modules 30 active ...dules/core-js/modules/_object-gopd.js 16% building modules 52/83 modules 31 active ...odules/core-js/modules/_object-gpo.js 16% building modules 52/84 modules 32 active .../node_modules/core-js/modules/_has.js 16% building modules 52/85 modules 33 active ...modules/core-js/modules/_object-dp.js 16% building modules 52/86 modules 34 active ...ules/core-js/modules/_to-primitive.js 16% building modules 52/87 modules 35 active ...dules/core-js/modules/_iter-create.js 16% building modules 52/88 modules 36 active ..._modules/core-js/modules/_own-keys.js 16% building modules 52/89 modules 37 active ..._modules/core-js/modules/_metadata.js 16% building modules 52/90 modules 38 active ...modules/core-js/modules/_set-proto.js 16% building modules 53/90 modules 37 active ...modules/core-js/modules/_set-proto.js 16% building modules 54/90 modules 36 active ...modules/core-js/modules/_set-proto.js 16% building modules 54/91 modules 37 active ...les/core-js/modules/_property-desc.js 16% building modules 55/91 modules 36 active ...les/core-js/modules/_property-desc.js 16% building modules 56/91 modules 35 active ...les/core-js/modules/_property-desc.js 16% building modules 57/91 modules 34 active ...les/core-js/modules/_property-desc.js 16% building modules 57/92 modules 35 active ...iler/@angular/compiler/testing.es5.js 16% building modules 58/92 modules 34 active ...iler/@angular/compiler/testing.es5.js 17% building modules 59/92 modules 33 active ...iler/@angular/compiler/testing.es5.js 17% building modules 60/92 modules 32 active ...iler/@angular/compiler/testing.es5.js 17% building modules 61/92 modules 31 active ...iler/@angular/compiler/testing.es5.js 17% building modules 62/92 modules 30 active ...iler/@angular/compiler/testing.es5.js 17% building modules 63/92 modules 29 active ...iler/@angular/compiler/testing.es5.js 17% building modules 64/92 modules 28 active ...iler/@angular/compiler/testing.es5.js 17% building modules 65/92 modules 27 active ...iler/@angular/compiler/testing.es5.js 17% building modules 66/92 modules 26 active ...iler/@angular/compiler/testing.es5.js 18% building modules 67/92 modules 25 active ...iler/@angular/compiler/testing.es5.js 18% building modules 68/92 modules 24 active ...iler/@angular/compiler/testing.es5.js 18% building modules 69/92 modules 23 active ...iler/@angular/compiler/testing.es5.js 18% building modules 70/92 modules 22 active ...iler/@angular/compiler/testing.es5.js 18% building modules 71/92 modules 21 active ...iler/@angular/compiler/testing.es5.js 18% building modules 72/92 modules 20 active ...iler/@angular/compiler/testing.es5.js 18% building modules 73/92 modules 19 active ...iler/@angular/compiler/testing.es5.js 18% building modules 73/93 modules 20 active ...de_modules/rxjs/operator/toPromise.js 18% building modules 74/93 modules 19 active ...de_modules/rxjs/operator/toPromise.js 19% building modules 75/93 modules 18 active ...de_modules/rxjs/operator/toPromise.js 19% building modules 76/93 modules 17 active ...de_modules/rxjs/operator/toPromise.js 19% building modules 77/93 modules 16 active ...de_modules/rxjs/operator/toPromise.js 19% building modules 78/93 modules 15 active ...de_modules/rxjs/operator/toPromise.js 19% building modules 79/93 modules 14 active ...de_modules/rxjs/operator/toPromise.js 19% building modules 80/93 modules 13 active ...de_modules/rxjs/operator/toPromise.js 19% building modules 81/93 modules 12 active ...de_modules/rxjs/operator/toPromise.js 19% building modules 82/93 modules 11 active ...de_modules/rxjs/operator/toPromise.js 19% building modules 83/93 modules 10 active ...de_modules/rxjs/operator/toPromise.js  20% building modules 84/93 modules 9 active ...de_modules/rxjs/operator/toPromise.js 20% building modules 85/93 modules 8 active ...de_modules/rxjs/operator/toPromise.js 20% building modules 86/93 modules 7 active ...de_modules/rxjs/operator/toPromise.js 20% building modules 87/93 modules 6 active ...de_modules/rxjs/operator/toPromise.js 20% building modules 88/93 modules 5 active ...de_modules/rxjs/operator/toPromise.js 20% building modules 89/93 modules 4 active ...de_modules/rxjs/operator/toPromise.js 20% building modules 90/93 modules 3 active ...de_modules/rxjs/operator/toPromise.js 20% building modules 91/93 modules 2 active ...de_modules/rxjs/operator/toPromise.js 20% building modules 91/94 modules 3 active ...angular/common/@angular/common.es5.js 21% building modules 92/94 modules 2 active ...angular/common/@angular/common.es5.js 21% building modules 92/95 modules 3 active ...re-js/modules/_array-from-iterable.js 21% building modules 92/96 modules 4 active ...de_modules/core-js/modules/es6.set.js 21% building modules 92/97 modules 5 active ...HJBB4Q/node_modules/rxjs/util/root.js 21% building modules 92/98 modules 6 active ...ode_modules/rxjs/util/toSubscriber.js 21% building modules 92/99 modules 7 active ...JBB4Q/node_modules/rxjs/Subscriber.js 21% building modules 92/100 modules 8 active ...B4Q/node_modules/rxjs/Subscription.js 21% building modules 92/101 modules 9 active .../rxjs/util/ObjectUnsubscribedError.js 21% building modules 92/102 modules 10 active ...e_modules/rxjs/SubjectSubscription.js[31m28 10 2017 20:03:12.643:ERROR [launcher]: [39mCannot start ChromeHeadless
	Failed to move to new namespace: PID namespaces supported, Network namespace supported, but failed: errno = Operation not permitted

[31m28 10 2017 20:03:12.644:ERROR [launcher]: [39mChromeHeadless stdout: 
[31m28 10 2017 20:03:12.644:ERROR [launcher]: [39mChromeHeadless stderr: Failed to move to new namespace: PID namespaces supported, Network namespace supported, but failed: errno = Operation not permitted

  21% building modules 93/102 modules 9 active ...e_modules/rxjs/SubjectSubscription.js 21% building modules 93/103 modules 10 active ...ode_modules/rxjs/symbol/observable.js 21% building modules 93/104 modules 11 active ...e_modules/rxjs/symbol/rxSubscriber.js 21% building modules 93/105 modules 12 active ...Q/node_modules/rxjs/operator/merge.js 21% building modules 93/106 modules 13 active ...de_modules/rxjs/operator/multicast.js 21% building modules 93/107 modules 14 active ...lar/compiler/@angular/compiler.es5.js 21% building modules 94/107 modules 13 active ...lar/compiler/@angular/compiler.es5.js[31m28 10 2017 20:03:12.690:ERROR [launcher]: [39mChromeHeadless failed 2 times (cannot start). Giving up.
 21% building modules 94/108 modules 14 active ...es/rxjs/observable/ArrayObservable.js 21% building modules 94/109 modules 15 active ...odules/rxjs/util/subscribeToResult.js 21% building modules 94/110 modules 16 active ...les/rxjs/observable/FromObservable.js 21% building modules 94/111 modules 17 active .../node_modules/rxjs/OuterSubscriber.js 21% building modules 94/112 modules 18 active .../rxjs/observable/PromiseObservable.jsnpm ERR! Test failed.  See above for more details.
[8mha:////4AY/qtmwf9tMyDNS/mpuo8eIqJOJ84v+2kZpRUhocFEbAAAAaB+LCAAAAAAAAP9b85aBtbiIwTG/KF0vKzUvOzOvODlTryCnNB3I0ivPL8pOy8kv18vKT9JLzs8rzs9J1QuHCgaV5jlDhPzyS1IZIICRiYGhoohBKqM0pTg/D64Hh8ICAFt0h+h/AAAA[0m[Pipeline] }
[8mha:////4AY/qtmwf9tMyDNS/mpuo8eIqJOJ84v+2kZpRUhocFEbAAAAaB+LCAAAAAAAAP9b85aBtbiIwTG/KF0vKzUvOzOvODlTryCnNB3I0ivPL8pOy8kv18vKT9JLzs8rzs9J1QuHCgaV5jlDhPzyS1IZIICRiYGhoohBKqM0pTg/D64Hh8ICAFt0h+h/AAAA[0m[Pipeline] // stage
[8mha:////4AY/qtmwf9tMyDNS/mpuo8eIqJOJ84v+2kZpRUhocFEbAAAAaB+LCAAAAAAAAP9b85aBtbiIwTG/KF0vKzUvOzOvODlTryCnNB3I0ivPL8pOy8kv18vKT9JLzs8rzs9J1QuHCgaV5jlDhPzyS1IZIICRiYGhoohBKqM0pTg/D64Hh8ICAFt0h+h/AAAA[0m[Pipeline] stage
[8mha:////4AY/qtmwf9tMyDNS/mpuo8eIqJOJ84v+2kZpRUhocFEbAAAAaB+LCAAAAAAAAP9b85aBtbiIwTG/KF0vKzUvOzOvODlTryCnNB3I0ivPL8pOy8kv18vKT9JLzs8rzs9J1QuHCgaV5jlDhPzyS1IZIICRiYGhoohBKqM0pTg/D64Hh8ICAFt0h+h/AAAA[0m[Pipeline] { (Build Docker)
Stage 'Build Docker' skipped due to earlier failure(s)
[8mha:////4AY/qtmwf9tMyDNS/mpuo8eIqJOJ84v+2kZpRUhocFEbAAAAaB+LCAAAAAAAAP9b85aBtbiIwTG/KF0vKzUvOzOvODlTryCnNB3I0ivPL8pOy8kv18vKT9JLzs8rzs9J1QuHCgaV5jlDhPzyS1IZIICRiYGhoohBKqM0pTg/D64Hh8ICAFt0h+h/AAAA[0m[Pipeline] }
[8mha:////4AY/qtmwf9tMyDNS/mpuo8eIqJOJ84v+2kZpRUhocFEbAAAAaB+LCAAAAAAAAP9b85aBtbiIwTG/KF0vKzUvOzOvODlTryCnNB3I0ivPL8pOy8kv18vKT9JLzs8rzs9J1QuHCgaV5jlDhPzyS1IZIICRiYGhoohBKqM0pTg/D64Hh8ICAFt0h+h/AAAA[0m[Pipeline] // stage
[8mha:////4AY/qtmwf9tMyDNS/mpuo8eIqJOJ84v+2kZpRUhocFEbAAAAaB+LCAAAAAAAAP9b85aBtbiIwTG/KF0vKzUvOzOvODlTryCnNB3I0ivPL8pOy8kv18vKT9JLzs8rzs9J1QuHCgaV5jlDhPzyS1IZIICRiYGhoohBKqM0pTg/D64Hh8ICAFt0h+h/AAAA[0m[Pipeline] stage
[8mha:////4AY/qtmwf9tMyDNS/mpuo8eIqJOJ84v+2kZpRUhocFEbAAAAaB+LCAAAAAAAAP9b85aBtbiIwTG/KF0vKzUvOzOvODlTryCnNB3I0ivPL8pOy8kv18vKT9JLzs8rzs9J1QuHCgaV5jlDhPzyS1IZIICRiYGhoohBKqM0pTg/D64Hh8ICAFt0h+h/AAAA[0m[Pipeline] { (Test image)
Stage 'Test image' skipped due to earlier failure(s)
[8mha:////4AY/qtmwf9tMyDNS/mpuo8eIqJOJ84v+2kZpRUhocFEbAAAAaB+LCAAAAAAAAP9b85aBtbiIwTG/KF0vKzUvOzOvODlTryCnNB3I0ivPL8pOy8kv18vKT9JLzs8rzs9J1QuHCgaV5jlDhPzyS1IZIICRiYGhoohBKqM0pTg/D64Hh8ICAFt0h+h/AAAA[0m[Pipeline] }
[8mha:////4AY/qtmwf9tMyDNS/mpuo8eIqJOJ84v+2kZpRUhocFEbAAAAaB+LCAAAAAAAAP9b85aBtbiIwTG/KF0vKzUvOzOvODlTryCnNB3I0ivPL8pOy8kv18vKT9JLzs8rzs9J1QuHCgaV5jlDhPzyS1IZIICRiYGhoohBKqM0pTg/D64Hh8ICAFt0h+h/AAAA[0m[Pipeline] // stage
[8mha:////4AY/qtmwf9tMyDNS/mpuo8eIqJOJ84v+2kZpRUhocFEbAAAAaB+LCAAAAAAAAP9b85aBtbiIwTG/KF0vKzUvOzOvODlTryCnNB3I0ivPL8pOy8kv18vKT9JLzs8rzs9J1QuHCgaV5jlDhPzyS1IZIICRiYGhoohBKqM0pTg/D64Hh8ICAFt0h+h/AAAA[0m[Pipeline] stage
[8mha:////4AY/qtmwf9tMyDNS/mpuo8eIqJOJ84v+2kZpRUhocFEbAAAAaB+LCAAAAAAAAP9b85aBtbiIwTG/KF0vKzUvOzOvODlTryCnNB3I0ivPL8pOy8kv18vKT9JLzs8rzs9J1QuHCgaV5jlDhPzyS1IZIICRiYGhoohBKqM0pTg/D64Hh8ICAFt0h+h/AAAA[0m[Pipeline] { (Deploy Docker)
Stage 'Deploy Docker' skipped due to earlier failure(s)
[8mha:////4AY/qtmwf9tMyDNS/mpuo8eIqJOJ84v+2kZpRUhocFEbAAAAaB+LCAAAAAAAAP9b85aBtbiIwTG/KF0vKzUvOzOvODlTryCnNB3I0ivPL8pOy8kv18vKT9JLzs8rzs9J1QuHCgaV5jlDhPzyS1IZIICRiYGhoohBKqM0pTg/D64Hh8ICAFt0h+h/AAAA[0m[Pipeline] }
[8mha:////4AY/qtmwf9tMyDNS/mpuo8eIqJOJ84v+2kZpRUhocFEbAAAAaB+LCAAAAAAAAP9b85aBtbiIwTG/KF0vKzUvOzOvODlTryCnNB3I0ivPL8pOy8kv18vKT9JLzs8rzs9J1QuHCgaV5jlDhPzyS1IZIICRiYGhoohBKqM0pTg/D64Hh8ICAFt0h+h/AAAA[0m[Pipeline] // stage
[8mha:////4AY/qtmwf9tMyDNS/mpuo8eIqJOJ84v+2kZpRUhocFEbAAAAaB+LCAAAAAAAAP9b85aBtbiIwTG/KF0vKzUvOzOvODlTryCnNB3I0ivPL8pOy8kv18vKT9JLzs8rzs9J1QuHCgaV5jlDhPzyS1IZIICRiYGhoohBKqM0pTg/D64Hh8ICAFt0h+h/AAAA[0m[Pipeline] }
[8mha:////4AY/qtmwf9tMyDNS/mpuo8eIqJOJ84v+2kZpRUhocFEbAAAAaB+LCAAAAAAAAP9b85aBtbiIwTG/KF0vKzUvOzOvODlTryCnNB3I0ivPL8pOy8kv18vKT9JLzs8rzs9J1QuHCgaV5jlDhPzyS1IZIICRiYGhoohBKqM0pTg/D64Hh8ICAFt0h+h/AAAA[0m[Pipeline] // withEnv
[8mha:////4AY/qtmwf9tMyDNS/mpuo8eIqJOJ84v+2kZpRUhocFEbAAAAaB+LCAAAAAAAAP9b85aBtbiIwTG/KF0vKzUvOzOvODlTryCnNB3I0ivPL8pOy8kv18vKT9JLzs8rzs9J1QuHCgaV5jlDhPzyS1IZIICRiYGhoohBKqM0pTg/D64Hh8ICAFt0h+h/AAAA[0m[Pipeline] }
[8mha:////4AY/qtmwf9tMyDNS/mpuo8eIqJOJ84v+2kZpRUhocFEbAAAAaB+LCAAAAAAAAP9b85aBtbiIwTG/KF0vKzUvOzOvODlTryCnNB3I0ivPL8pOy8kv18vKT9JLzs8rzs9J1QuHCgaV5jlDhPzyS1IZIICRiYGhoohBKqM0pTg/D64Hh8ICAFt0h+h/AAAA[0m[Pipeline] // node
[8mha:////4AY/qtmwf9tMyDNS/mpuo8eIqJOJ84v+2kZpRUhocFEbAAAAaB+LCAAAAAAAAP9b85aBtbiIwTG/KF0vKzUvOzOvODlTryCnNB3I0ivPL8pOy8kv18vKT9JLzs8rzs9J1QuHCgaV5jlDhPzyS1IZIICRiYGhoohBKqM0pTg/D64Hh8ICAFt0h+h/AAAA[0m[Pipeline] End of Pipeline
ERROR: script returned exit code 1
[8mha:////4IL6X89n6LmPpPGbGZL5V9z3nQhEUkq/D+4ZEOMeI91tAAAAVx+LCAAAAAAAAP9b85aBtbiIQSmjNKU4P08vOT+vOD8nVc8DzHWtSE4tKMnMz/PLL0mV3NWzufebKBsTA0NFEYMUmgZnCA1SyAABjCCFBQC2xNaiYAAAAA==[0mFinished: FAILURE
