Started by user [8mha:////4L8G0Vb/D8rkfp86MIp4qS29WzZwuytABT+nA68trUQEAAAAlx+LCAAAAAAAAP9b85aBtbiIQTGjNKU4P08vOT+vOD8nVc83PyU1x6OyILUoJzMv2y+/JJUBAhiZGBgqihhk0NSjKDWzXb3RdlLBUSYGJk8GtpzUvPSSDB8G5tKinBIGIZ+sxLJE/ZzEvHT94JKizLx0a6BxUmjGOUNodHsLgAzWEgZu/dLi1CL9xJTczDwAj6GcLcAAAAA=[0madmin
 > git rev-parse --is-inside-work-tree # timeout=10
Setting origin to https://github.com/Opdracht3/rps-frontend.git
 > git config remote.origin.url https://github.com/Opdracht3/rps-frontend.git # timeout=10
Fetching origin...
Fetching upstream changes from origin
 > git --version # timeout=10
 > git fetch --tags --progress origin +refs/heads/*:refs/remotes/origin/*
Seen branch in repository origin/master
Seen 1 remote branch
Obtained Jenkinsfile from b321a6453e0a0e91301af059f5a8a13e1d73b5a6
org.codehaus.groovy.control.MultipleCompilationErrorsException: startup failed:
WorkflowScript: 36: Unknown stage section "sh". Starting with version 0.5, steps in a stage must be in a steps block. @ line 36, column 5.
       stage('Test image') {
       ^

WorkflowScript: 36: Multiple occurrences of the sh section @ line 36, column 5.
       stage('Test image') {
       ^

WorkflowScript: 36: Unknown stage section "sh". Starting with version 0.5, steps in a stage must be in a steps block. @ line 36, column 5.
       stage('Test image') {
       ^

WorkflowScript: 36: Multiple occurrences of the sh section @ line 36, column 5.
       stage('Test image') {
       ^

WorkflowScript: 36: Unknown stage section "sh". Starting with version 0.5, steps in a stage must be in a steps block. @ line 36, column 5.
       stage('Test image') {
       ^

WorkflowScript: 36: Multiple occurrences of the sh section @ line 36, column 5.
       stage('Test image') {
       ^

WorkflowScript: 36: Unknown stage section "sh". Starting with version 0.5, steps in a stage must be in a steps block. @ line 36, column 5.
       stage('Test image') {
       ^

WorkflowScript: 36: Multiple occurrences of the sh section @ line 36, column 5.
       stage('Test image') {
       ^

WorkflowScript: 36: Unknown stage section "sh". Starting with version 0.5, steps in a stage must be in a steps block. @ line 36, column 5.
       stage('Test image') {
       ^

WorkflowScript: 36: No "steps" or "parallel" to execute within stage "Test image" @ line 36, column 5.
       stage('Test image') {
       ^

10 errors

	at org.codehaus.groovy.control.ErrorCollector.failIfErrors(ErrorCollector.java:310)
	at org.codehaus.groovy.control.CompilationUnit.applyToPrimaryClassNodes(CompilationUnit.java:1085)
	at org.codehaus.groovy.control.CompilationUnit.doPhaseOperation(CompilationUnit.java:603)
	at org.codehaus.groovy.control.CompilationUnit.processPhaseOperations(CompilationUnit.java:581)
	at org.codehaus.groovy.control.CompilationUnit.compile(CompilationUnit.java:558)
	at groovy.lang.GroovyClassLoader.doParseClass(GroovyClassLoader.java:298)
	at groovy.lang.GroovyClassLoader.parseClass(GroovyClassLoader.java:268)
	at groovy.lang.GroovyShell.parseClass(GroovyShell.java:688)
	at groovy.lang.GroovyShell.parse(GroovyShell.java:700)
	at org.jenkinsci.plugins.workflow.cps.CpsGroovyShell.doParse(CpsGroovyShell.java:129)
	at org.jenkinsci.plugins.workflow.cps.CpsGroovyShell.reparse(CpsGroovyShell.java:123)
	at org.jenkinsci.plugins.workflow.cps.CpsFlowExecution.parseScript(CpsFlowExecution.java:517)
	at org.jenkinsci.plugins.workflow.cps.CpsFlowExecution.start(CpsFlowExecution.java:480)
	at org.jenkinsci.plugins.workflow.job.WorkflowRun.run(WorkflowRun.java:269)
	at hudson.model.ResourceController.execute(ResourceController.java:97)
	at hudson.model.Executor.run(Executor.java:421)
Finished: FAILURE
